<?xml version="1.0" encoding="UTF-8"?>
<!-- Generated by org.testng.reporters.JUnitReportReporter -->
<testsuite hostname="W5CG0270ZTJ" failures="0" tests="4" name="Tietoevry.VIEW.AdminMessagePageTests" time="98.963" errors="0" timestamp="2023-04-03T08:19:16 CEST" skipped="2">
  <testcase classname="Tietoevry.VIEW.AdminMessagePageTests" name="test_Create_Global_Alert_Message" time="56.332"/>
  <system-out/>
  <testcase classname="Tietoevry.VIEW.AdminMessagePageTests" name="test_Stop_Global_Alert_Message" time="42.631"/>
  <system-out/>
  <testcase classname="Tietoevry.VIEW.AdminMessagePageTests" name="test_Create_Internal_Admin_Message_With_Alert">
    <skipped/>
  </testcase> <!-- test_Create_Internal_Admin_Message_With_Alert -->
  <system-out/>
  <testcase classname="Tietoevry.VIEW.AdminMessagePageTests" name="test_Create_Internal_Admin_Message_Without_Alert">
    <skipped/>
  </testcase> <!-- test_Create_Internal_Admin_Message_Without_Alert -->
  <system-out/>
</testsuite> <!-- Tietoevry.VIEW.AdminMessagePageTests -->
