<?xml version="1.0" encoding="UTF-8"?>
<!-- Generated by org.testng.reporters.JUnitReportReporter -->
<testsuite hostname="W5CG0270ZTJ" failures="0" tests="1" name="Tietoevry.VIEW.CustomerSlaReportPageTests" time="36.781" errors="0" timestamp="2023-04-03T08:43:49 CEST" skipped="0">
  <testcase classname="Tietoevry.VIEW.CustomerSlaReportPageTests" name="test_Verify_Customer_Sla_Report_Page_Opens_Correctly" time="36.781"/>
  <system-out/>
</testsuite> <!-- Tietoevry.VIEW.CustomerSlaReportPageTests -->
