<?xml version="1.0" encoding="UTF-8"?>
<!-- Generated by org.testng.reporters.JUnitReportReporter -->
<testsuite hostname="W5CG0270ZTJ" failures="0" tests="1" name="Tietoevry.VIEW.AdminSupportBrickTest" time="61.758" errors="0" timestamp="2023-04-03T08:43:49 CEST" skipped="0">
  <testcase classname="Tietoevry.VIEW.AdminSupportBrickTest" name="test_Navigation_From_Support_Brick_As_CustomerAdmin" time="61.758"/>
  <system-out/>
</testsuite> <!-- Tietoevry.VIEW.AdminSupportBrickTest -->
