<?xml version="1.0" encoding="UTF-8"?>
<!-- Generated by org.testng.reporters.JUnitReportReporter -->
<testsuite hostname="W5CG0270ZTJ" failures="0" tests="1" name="Tietoevry.VIEW.CustomerCloudDashboardPageTests" time="21.648" errors="0" timestamp="2023-04-03T08:43:49 CEST" skipped="0">
  <testcase classname="Tietoevry.VIEW.CustomerCloudDashboardPageTests" name="test_Verify_Cloud_CustomerDashborad_Page_Displayed_Correctly" time="21.648"/>
  <system-out/>
</testsuite> <!-- Tietoevry.VIEW.CustomerCloudDashboardPageTests -->
