<?xml version="1.0" encoding="UTF-8"?>
<!-- Generated by org.testng.reporters.JUnitReportReporter -->
<testsuite hostname="W5CG0270ZTJ" failures="0" tests="1" name="Tietoevry.VIEW.CustomerPSD2ReportPageTests" time="23.786" errors="0" timestamp="2023-04-03T08:43:49 CEST" skipped="0">
  <testcase classname="Tietoevry.VIEW.CustomerPSD2ReportPageTests" name="test_Verify_Customer_PSD2_Report_Page_Opens_Correctly" time="23.786"/>
  <system-out/>
</testsuite> <!-- Tietoevry.VIEW.CustomerPSD2ReportPageTests -->
