<?xml version="1.0" encoding="UTF-8"?>
<!-- Generated by org.testng.reporters.JUnitReportReporter -->
<testsuite hostname="W5CG0270ZTJ" failures="0" tests="1" name="Tietoevry.VIEW.CustomerCertificatePageTests" time="21.626" errors="0" timestamp="2023-04-03T08:43:49 CEST" skipped="0">
  <testcase classname="Tietoevry.VIEW.CustomerCertificatePageTests" name="test_Verify_Customer_Certificate_Page_Displayed_Properly" time="21.626"/>
  <system-out/>
</testsuite> <!-- Tietoevry.VIEW.CustomerCertificatePageTests -->
