<?xml version="1.0" encoding="UTF-8"?>
<!-- Generated by org.testng.reporters.JUnitReportReporter -->
<testsuite hostname="W5CG0270ZTJ" failures="0" tests="1" name="Tietoevry.VIEW.AdminServiceStatusPageTests" time="77.411" errors="0" timestamp="2023-04-03T07:30:33 CEST" skipped="0">
  <testcase classname="Tietoevry.VIEW.AdminServiceStatusPageTests" name="test_All_Services_Up" time="77.411"/>
  <system-out/>
</testsuite> <!-- Tietoevry.VIEW.AdminServiceStatusPageTests -->
