<?xml version="1.0" encoding="UTF-8"?>
<!-- Generated by org.testng.reporters.JUnitReportReporter -->
<testsuite hostname="W5CG0270ZTJ" failures="0" tests="1" name="Tietoevry.VIEW.CustomerServiceDeskPageTests" time="36.518" errors="0" timestamp="2023-04-03T08:43:49 CEST" skipped="0">
  <testcase classname="Tietoevry.VIEW.CustomerServiceDeskPageTests" name="test_Verify_Customer_ServiceDesk_Page_Opens_Correctly" time="36.518"/>
  <system-out/>
</testsuite> <!-- Tietoevry.VIEW.CustomerServiceDeskPageTests -->
