<?xml version="1.0" encoding="UTF-8"?>
<!-- Generated by org.testng.reporters.JUnitReportReporter -->
<testsuite hostname="W5CG0270ZTJ" failures="0" tests="3" name="Tietoevry.VIEW.AdminOperationalMessageTests" time="75.731" errors="0" timestamp="2023-04-03T07:30:33 CEST" skipped="1">
  <testcase classname="Tietoevry.VIEW.AdminOperationalMessageTests" name="test_Add_New_Alert_Operational_Message" time="36.154"/>
  <system-out/>
  <testcase classname="Tietoevry.VIEW.AdminOperationalMessageTests" name="test_Stop_NewlyAdded_Alert_Operational_Message" time="39.577"/>
  <system-out/>
  <testcase classname="Tietoevry.VIEW.AdminOperationalMessageTests" name="test_Alert_Operational_Message_Is_Displayed_In_Customer_Section">
    <skipped/>
  </testcase> <!-- test_Alert_Operational_Message_Is_Displayed_In_Customer_Section -->
  <system-out/>
</testsuite> <!-- Tietoevry.VIEW.AdminOperationalMessageTests -->
