<?xml version="1.0" encoding="UTF-8"?>
<!-- Generated by org.testng.reporters.JUnitReportReporter -->
<testsuite hostname="W5CG0270ZTJ" failures="0" tests="1" name="Tietoevry.VIEW.AdminCloudLoginPageTests" time="22.843" errors="0" timestamp="2023-04-03T08:43:49 CEST" skipped="0">
  <testcase classname="Tietoevry.VIEW.AdminCloudLoginPageTests" name="test_Admin_Valid_Login" time="22.843"/>
  <system-out/>
</testsuite> <!-- Tietoevry.VIEW.AdminCloudLoginPageTests -->
