<?xml version="1.0" encoding="UTF-8"?>
<!-- Generated by org.testng.reporters.JUnitReportReporter -->
<testsuite hostname="W5CG0270ZTJ" failures="0" tests="1" name="Tietoevry.VIEW.CustomerMyProfilePageTests" time="25.306" errors="0" timestamp="2023-04-03T08:43:49 CEST" skipped="0">
  <testcase classname="Tietoevry.VIEW.CustomerMyProfilePageTests" name="test_Verify_Customer_MyProfile_Page_Opens_Correctly" time="25.306"/>
  <system-out/>
</testsuite> <!-- Tietoevry.VIEW.CustomerMyProfilePageTests -->
