<?xml version="1.0" encoding="UTF-8"?>
<!-- Generated by org.testng.reporters.JUnitReportReporter -->
<testsuite hostname="W5CG0270ZTJ" failures="0" tests="1" name="Tietoevry.VIEW.CustomerWebServiceStatisticsPageTests" time="26.266" errors="0" timestamp="2023-04-03T08:43:49 CEST" skipped="0">
  <testcase classname="Tietoevry.VIEW.CustomerWebServiceStatisticsPageTests" name="test_Verify_Customer_Web_Service_Statistics_Page_Opens_Correctly" time="26.266"/>
  <system-out/>
</testsuite> <!-- Tietoevry.VIEW.CustomerWebServiceStatisticsPageTests -->
