<?xml version="1.0" encoding="UTF-8"?>
<!-- Generated by org.testng.reporters.JUnitReportReporter -->
<testsuite hostname="W5CG0270ZTJ" failures="0" tests="2" name="Tietoevry.VIEW.AdminCustomerMessagePageTests" time="70.280" errors="0" timestamp="2023-04-03T08:43:49 CEST" skipped="0">
  <testcase classname="Tietoevry.VIEW.AdminCustomerMessagePageTests" name="test_Add_New_Customer_Message" time="42.721"/>
  <system-out/>
  <testcase classname="Tietoevry.VIEW.AdminCustomerMessagePageTests" name="test_Stop_NewlyAdded_Customer_Message" time="27.559"/>
  <system-out/>
</testsuite> <!-- Tietoevry.VIEW.AdminCustomerMessagePageTests -->
